<?xml version="1.0" encoding="UTF-8"?>
<!-- Generated by org.testng.reporters.JUnitXMLReporter -->
<testsuite ignored="4" hostname="DESKTOP-MMIJ5KE" failures="1" tests="4" name="Test" time="34.769" errors="0" timestamp="2023-10-10T18:46:54 IST">
  <testcase classname="tests.LoginTest" name="login" time="3.066"/>
  <testcase classname="tests.LoginTest" name="verifyTitle" time="0.029"/>
  <testcase classname="tests.HomePageTest" name="clickTab" time="4.352"/>
  <testcase classname="tests.AddCustomerTest" name="addCustomer" time="6.217">
    <failure type="java.lang.AssertionError" message="expected [asdf] but found [Customer Registered Successfully!!!]">
      <![CDATA[java.lang.AssertionError: expected [asdf] but found [Customer Registered Successfully!!!]
at tests.AddCustomerTest.addCustomer(AddCustomerTest.java:43)
at java.base/java.util.ArrayList.forEach(ArrayList.java:1511)
... Removed 33 stack frames]]>
    </failure>
  </testcase> <!-- addCustomer -->
  <testcase classname="base.base" name="@BeforeTest setup" time="0.0">
    <ignored/>
  </testcase> <!-- @BeforeTest setup -->
  <testcase classname="base.base" name="@BeforeTest setup" time="0.0">
    <ignored/>
  </testcase> <!-- @BeforeTest setup -->
  <testcase classname="base.base" name="@AfterTest teardown" time="0.0">
    <ignored/>
  </testcase> <!-- @AfterTest teardown -->
  <testcase classname="base.base" name="@AfterTest teardown" time="0.0">
    <ignored/>
  </testcase> <!-- @AfterTest teardown -->
</testsuite> <!-- Test -->
